2016-11-14 18:55:50 INFO  Main:23 - 
Курс валют ЛКБ 14.11.2016 г.  
       
Покупка Продажа
   £ 79.00 85.00
   $ 63.60 67.20
   € 69.50 73.10
2016-11-14 18:55:50 INFO  Main:24 - Курсы ЦБ РФ.

Действуют с 12.11.2016

GBP £  81,9513  📈 -0,00
USD $  65,2167  📈 -0,00
EUR €  71,1253  📈 -0,00
CHF ₣  66,1763  📈 -0,00

2016-11-14 18:56:00 INFO  Main:36 - 🏧 Банкоматы
2016-11-14 18:56:00 INFO  Main:138 - Пришлите свое местоположение на карте.
2016-11-14 18:56:05 INFO  Main:36 - 
2016-11-14 18:56:05 INFO  Main:87 - Ближайший банкомат null находится по адресу null
2016-11-14 18:59:51 INFO  Main:23 - 
Курс валют ЛКБ 14.11.2016 г.  
       
Покупка Продажа
   £ 79.00 85.00
   $ 63.60 67.20
   € 69.50 73.10
2016-11-14 18:59:51 INFO  Main:24 - Курсы ЦБ РФ.

Действуют с 12.11.2016

GBP £  81,9513  📈 -0,00
USD $  65,2167  📈 -0,00
EUR €  71,1253  📈 -0,00
CHF ₣  66,1763  📈 -0,00

2016-11-14 19:00:08 INFO  Main:36 - 🏧 Банкоматы
2016-11-14 19:00:08 INFO  Main:138 - Пришлите свое местоположение на карте.
2016-11-14 19:00:13 INFO  Main:36 - 
2016-11-14 19:00:13 INFO  Main:87 - Ближайший банкомат ATM035 находится по адресу м-н "Пролетарский", Липецк, ул. Депутатская, 92
2016-11-14 19:10:36 INFO  Main:23 - 
Курс валют ЛКБ 14.11.2016 г.  
       
Покупка Продажа
   £ 79.00 85.00
   $ 63.60 67.20
   € 69.50 73.10
2016-11-14 19:10:37 INFO  Main:24 - Курсы ЦБ РФ.

Действуют с 12.11.2016

GBP £  81,9513  📈 -0,00
USD $  65,2167  📈 -0,00
EUR €  71,1253  📈 -0,00
CHF ₣  66,1763  📈 -0,00

2016-11-14 19:10:46 INFO  Main:36 - 🏧 Банкоматы
2016-11-14 19:10:46 INFO  Main:138 - Пришлите свое местоположение на карте.
2016-11-14 19:10:50 INFO  Main:36 - 
2016-11-14 19:10:50 INFO  Main:87 - Ближайший банкомат ATM189 находится по адресу Елецкая районная больница, Липецкая обл., Елецкий р-н, пос. Газопровод, ул. Зеленая, 23 А
2016-11-14 19:12:32 INFO  Main:23 - 
Курс валют ЛКБ 14.11.2016 г.  
       
Покупка Продажа
   £ 79.00 85.00
   $ 63.60 67.20
   € 69.50 73.10
2016-11-14 19:12:32 INFO  Main:24 - Курсы ЦБ РФ.

Действуют с 12.11.2016

GBP £  81,9513  📈 -0,00
USD $  65,2167  📈 -0,00
EUR €  71,1253  📈 -0,00
CHF ₣  66,1763  📈 -0,00

2016-11-14 19:12:34 INFO  Main:36 - 🏧 Банкоматы
2016-11-14 19:12:34 INFO  Main:138 - Пришлите свое местоположение на карте.
2016-11-14 19:12:39 INFO  Main:36 - 
2016-11-14 19:12:39 INFO  Main:87 - Ближайший банкомат ATM189 находится по адресу Елецкая районная больница, Липецкая обл., Елецкий р-н, пос. Газопровод, ул. Зеленая, 23 А
2016-11-14 19:15:08 INFO  Main:23 - 
Курс валют ЛКБ 14.11.2016 г.  
       
Покупка Продажа
   £ 79.00 85.00
   $ 63.60 67.20
   € 69.50 73.10
2016-11-14 19:15:08 INFO  Main:24 - Курсы ЦБ РФ.

Действуют с 12.11.2016

GBP £  81,9513  📈 -0,00
USD $  65,2167  📈 -0,00
EUR €  71,1253  📈 -0,00
CHF ₣  66,1763  📈 -0,00

2016-11-14 19:15:13 INFO  Main:36 - 🏧 Банкоматы
2016-11-14 19:15:13 INFO  Main:138 - Пришлите свое местоположение на карте.
2016-11-14 19:15:20 INFO  Main:36 - 
2016-11-14 19:15:20 INFO  Main:87 - Ближайший банкомат ATM189 находится по адресу Елецкая районная больница, Липецкая обл., Елецкий р-н, пос. Газопровод, ул. Зеленая, 23 А
2016-11-14 19:21:17 INFO  Main:23 - 
Курс валют ЛКБ 14.11.2016 г.  
       
Покупка Продажа
   £ 79.00 85.00
   $ 63.60 67.20
   € 69.50 73.10
2016-11-14 19:21:18 INFO  Main:24 - Курсы ЦБ РФ.

Действуют с 12.11.2016

GBP £  81,9513  📈 -0,00
USD $  65,2167  📈 -0,00
EUR €  71,1253  📈 -0,00
CHF ₣  66,1763  📈 -0,00

2016-11-14 19:21:28 INFO  Main:36 - 🏧 Банкоматы
2016-11-14 19:21:28 INFO  Main:138 - Пришлите свое местоположение на карте.
2016-11-14 19:21:31 INFO  Main:36 - 
2016-11-14 19:21:31 INFO  Main:87 - Ближайший банкомат ATM189 находится по адресу Елецкая районная больница, Липецкая обл., Елецкий р-н, пос. Газопровод, ул. Зеленая, 23 А
2016-11-14 19:27:02 INFO  Main:23 - 
Курс валют ЛКБ 14.11.2016 г.  
       
Покупка Продажа
   £ 79.00 85.00
   $ 63.60 67.20
   € 69.50 73.10
2016-11-14 19:27:02 INFO  Main:24 - Курсы ЦБ РФ.

Действуют с 12.11.2016

GBP £  81,9513  📈 -0,00
USD $  65,2167  📈 -0,00
EUR €  71,1253  📈 -0,00
CHF ₣  66,1763  📈 -0,00

2016-11-14 19:27:16 INFO  Main:36 - 🏧 Банкоматы
2016-11-14 19:27:16 INFO  Main:138 - Пришлите свое местоположение на карте.
2016-11-14 19:27:22 INFO  Main:36 - 
2016-11-14 19:28:44 INFO  Main:23 - 
Курс валют ЛКБ 14.11.2016 г.  
       
Покупка Продажа
   £ 79.00 85.00
   $ 63.60 67.20
   € 69.50 73.10
2016-11-14 19:28:44 INFO  Main:24 - Курсы ЦБ РФ.

Действуют с 12.11.2016

GBP £  81,9513  📈 -0,00
USD $  65,2167  📈 -0,00
EUR €  71,1253  📈 -0,00
CHF ₣  66,1763  📈 -0,00

2016-11-14 19:28:49 INFO  Main:36 - 
2016-11-14 19:28:49 INFO  Main:87 - Ближайший банкомат ATM189 находится по адресу Елецкая районная больница, Липецкая обл., Елецкий р-н, пос. Газопровод, ул. Зеленая, 23 А
2016-11-14 19:32:05 INFO  Main:23 - 
Курс валют ЛКБ 14.11.2016 г.  
       
Покупка Продажа
   £ 79.00 85.00
   $ 63.60 67.20
   € 69.50 73.10
2016-11-14 19:32:05 INFO  Main:24 - Курсы ЦБ РФ.

Действуют с 12.11.2016

GBP £  81,9513  📈 -0,00
USD $  65,2167  📈 -0,00
EUR €  71,1253  📈 -0,00
CHF ₣  66,1763  📈 -0,00

2016-11-14 19:32:06 INFO  Main:36 - 🏧 Банкоматы
2016-11-14 19:32:06 INFO  Main:138 - Пришлите свое местоположение на карте.
2016-11-14 19:32:10 INFO  Main:36 - 
2016-11-14 19:32:10 INFO  Main:87 - Ближайший банкомат ATM189 находится по адресу Елецкая районная больница, Липецкая обл., Елецкий р-н, пос. Газопровод, ул. Зеленая, 23 А
2016-11-14 19:35:44 INFO  Main:23 - 
Курс валют ЛКБ 14.11.2016 г.  
       
Покупка Продажа
   £ 79.00 85.00
   $ 63.60 67.20
   € 69.50 73.10
2016-11-14 19:35:44 INFO  Main:24 - Курсы ЦБ РФ.

Действуют с 12.11.2016

GBP £  81,9513  📈 -0,00
USD $  65,2167  📈 -0,00
EUR €  71,1253  📈 -0,00
CHF ₣  66,1763  📈 -0,00

2016-11-14 19:35:46 INFO  Main:36 - 🏧 Банкоматы
2016-11-14 19:35:46 INFO  Main:138 - Пришлите свое местоположение на карте.
2016-11-14 19:35:50 INFO  Main:36 - 🏧 Банкоматы
2016-11-14 19:35:50 INFO  Main:138 - Пришлите свое местоположение на карте.
2016-11-14 19:35:54 INFO  Main:36 - 
2016-11-14 19:35:54 INFO  Main:87 - Ближайший банкомат ATM189 находится по адресу Елецкая районная больница, Липецкая обл., Елецкий р-н, пос. Газопровод, ул. Зеленая, 23 А
2016-11-14 19:42:41 INFO  Main:23 - 
Курс валют ЛКБ 14.11.2016 г.  
       
Покупка Продажа
   £ 79.00 85.00
   $ 63.60 67.20
   € 69.50 73.10
2016-11-14 19:42:41 INFO  Main:24 - Курсы ЦБ РФ.

Действуют с 12.11.2016

GBP £  81,9513  📈 -0,00
USD $  65,2167  📈 -0,00
EUR €  71,1253  📈 -0,00
CHF ₣  66,1763  📈 -0,00

2016-11-14 19:42:42 INFO  Main:36 - 🏧 Банкоматы
2016-11-14 19:42:42 INFO  Main:138 - Пришлите свое местоположение на карте.
2016-11-14 19:42:46 INFO  Main:36 - 
2016-11-14 19:42:46 INFO  Main:87 - Ближайший банкомат ATM189 находится по адресу Елецкая районная больница, Липецкая обл., Елецкий р-н, пос. Газопровод, ул. Зеленая, 23 А
2016-11-14 19:43:38 INFO  Main:23 - 
Курс валют ЛКБ 14.11.2016 г.  
       
Покупка Продажа
   £ 79.00 85.00
   $ 63.60 67.20
   € 69.50 73.10
2016-11-14 19:43:38 INFO  Main:24 - Курсы ЦБ РФ.

Действуют с 12.11.2016

GBP £  81,9513  📈 -0,00
USD $  65,2167  📈 -0,00
EUR €  71,1253  📈 -0,00
CHF ₣  66,1763  📈 -0,00

2016-11-14 19:43:40 INFO  Main:36 - 🏧 Банкоматы
2016-11-14 19:43:40 INFO  Main:138 - Пришлите свое местоположение на карте.
2016-11-14 19:43:46 INFO  Main:36 - 
2016-11-14 19:43:46 INFO  Main:87 - Ближайший банкомат ATM189 находится по адресу Елецкая районная больница, Липецкая обл., Елецкий р-н, пос. Газопровод, ул. Зеленая, 23 А
2016-11-14 19:44:25 INFO  Main:23 - 
Курс валют ЛКБ 14.11.2016 г.  
       
Покупка Продажа
   £ 79.00 85.00
   $ 63.60 67.20
   € 69.50 73.10
2016-11-14 19:44:26 INFO  Main:24 - Курсы ЦБ РФ.

Действуют с 12.11.2016

GBP £  81,9513  📈 -0,00
USD $  65,2167  📈 -0,00
EUR €  71,1253  📈 -0,00
CHF ₣  66,1763  📈 -0,00

2016-11-14 19:44:28 INFO  Main:36 - 🏧 Банкоматы
2016-11-14 19:44:28 INFO  Main:138 - Пришлите свое местоположение на карте.
2016-11-14 19:44:32 INFO  Main:36 - 
2016-11-14 19:44:32 INFO  Main:87 - Ближайший банкомат ATM189 находится по адресу Елецкая районная больница, Липецкая обл., Елецкий р-н, пос. Газопровод, ул. Зеленая, 23 А
2016-11-14 19:44:48 INFO  Main:23 - 
Курс валют ЛКБ 14.11.2016 г.  
       
Покупка Продажа
   £ 79.00 85.00
   $ 63.60 67.20
   € 69.50 73.10
2016-11-14 19:44:49 INFO  Main:24 - Курсы ЦБ РФ.

Действуют с 12.11.2016

GBP £  81,9513  📈 -0,00
USD $  65,2167  📈 -0,00
EUR €  71,1253  📈 -0,00
CHF ₣  66,1763  📈 -0,00

2016-11-14 19:45:06 INFO  Main:36 - 🏧 Банкоматы
2016-11-14 19:45:06 INFO  Main:138 - Пришлите свое местоположение на карте.
2016-11-14 19:45:08 INFO  Main:36 - 🏧 Банкоматы
2016-11-14 19:45:08 INFO  Main:138 - Пришлите свое местоположение на карте.
2016-11-14 19:45:12 INFO  Main:36 - 
2016-11-14 19:45:12 INFO  Main:87 - Ближайший банкомат ATM189 находится по адресу Елецкая районная больница, Липецкая обл., Елецкий р-н, пос. Газопровод, ул. Зеленая, 23 А
2016-11-14 19:52:39 INFO  Main:23 - 
Курс валют ЛКБ 14.11.2016 г.  
       
Покупка Продажа
   £ 79.00 85.00
   $ 63.60 67.20
   € 69.50 73.10
2016-11-14 19:52:39 INFO  Main:24 - Курсы ЦБ РФ.

Действуют с 12.11.2016

GBP £  81,9513  📈 -0,00
USD $  65,2167  📈 -0,00
EUR €  71,1253  📈 -0,00
CHF ₣  66,1763  📈 -0,00

2016-11-14 19:52:48 INFO  Main:36 - 🏧 Банкоматы
2016-11-14 19:52:48 INFO  Main:138 - Пришлите свое местоположение на карте.
2016-11-14 19:53:00 INFO  Main:36 - 
2016-11-14 19:53:00 INFO  Main:87 - Ближайший банкомат ATM189 находится по адресу Елецкая районная больница, Липецкая обл., Елецкий р-н, пос. Газопровод, ул. Зеленая, 23 А
2016-11-14 19:58:11 INFO  Main:23 - 
Курс валют ЛКБ 14.11.2016 г.  
       
Покупка Продажа
   £ 79.00 85.00
   $ 63.60 67.20
   € 69.50 73.10
2016-11-14 19:58:11 INFO  Main:24 - Курсы ЦБ РФ.

Действуют с 12.11.2016

GBP £  81,9513  📈 -0,00
USD $  65,2167  📈 -0,00
EUR €  71,1253  📈 -0,00
CHF ₣  66,1763  📈 -0,00

2016-11-14 19:58:14 INFO  Main:36 - 🏧 Банкоматы
2016-11-14 19:58:14 INFO  Main:138 - Пришлите свое местоположение на карте.
2016-11-14 19:58:18 INFO  Main:36 - 
2016-11-14 19:58:18 INFO  Main:87 - Ближайший банкомат ATM189 находится по адресу Елецкая районная больница, Липецкая обл., Елецкий р-н, пос. Газопровод, ул. Зеленая, 23 А
2016-11-14 19:58:53 INFO  Main:36 - 🏧 Банкоматы
2016-11-14 19:58:53 INFO  Main:138 - Пришлите свое местоположение на карте.
2016-11-14 19:58:53 INFO  Main:23 - 
Курс валют ЛКБ 14.11.2016 г.  
       
Покупка Продажа
   £ 79.00 85.00
   $ 63.60 67.20
   € 69.50 73.10
2016-11-14 19:58:53 INFO  Main:24 - Курсы ЦБ РФ.

Действуют с 12.11.2016

GBP £  81,9513  📈 -0,00
USD $  65,2167  📈 -0,00
EUR €  71,1253  📈 -0,00
CHF ₣  66,1763  📈 -0,00

2016-11-14 19:58:59 INFO  Main:36 - 
2016-11-14 19:58:59 INFO  Main:87 - Ближайший банкомат ATM189 находится по адресу Елецкая районная больница, Липецкая обл., Елецкий р-н, пос. Газопровод, ул. Зеленая, 23 А
2016-11-14 19:59:35 INFO  Main:36 - 🏧 Банкоматы
2016-11-14 19:59:35 INFO  Main:138 - Пришлите свое местоположение на карте.
2016-11-14 19:59:38 INFO  Main:36 - 
2016-11-14 19:59:38 INFO  Main:87 - Ближайший банкомат ATM189 находится по адресу Елецкая районная больница, Липецкая обл., Елецкий р-н, пос. Газопровод, ул. Зеленая, 23 А
2016-11-14 20:00:24 INFO  Main:23 - 
Курс валют ЛКБ 14.11.2016 г.  
       
Покупка Продажа
   £ 79.00 85.00
   $ 63.60 67.20
   € 69.50 73.10
2016-11-14 20:00:24 INFO  Main:24 - Курсы ЦБ РФ.

Действуют с 12.11.2016

GBP £  81,9513  📈 -0,00
USD $  65,2167  📈 -0,00
EUR €  71,1253  📈 -0,00
CHF ₣  66,1763  📈 -0,00

2016-11-14 20:00:24 INFO  Main:36 - 🏧 Банкоматы
2016-11-14 20:00:24 INFO  Main:138 - Пришлите свое местоположение на карте.
2016-11-14 20:00:27 INFO  Main:36 - 
2016-11-14 20:00:28 INFO  Main:87 - Ближайший банкомат ATM189 находится по адресу Елецкая районная больница, Липецкая обл., Елецкий р-н, пос. Газопровод, ул. Зеленая, 23 А
2016-11-14 20:00:44 INFO  Main:36 - 🏧 Банкоматы
2016-11-14 20:00:44 INFO  Main:138 - Пришлите свое местоположение на карте.
2016-11-14 20:00:45 INFO  Main:23 - 
Курс валют ЛКБ 14.11.2016 г.  
       
Покупка Продажа
   £ 79.00 85.00
   $ 63.60 67.20
   € 69.50 73.10
2016-11-14 20:00:45 INFO  Main:24 - Курсы ЦБ РФ.

Действуют с 12.11.2016

GBP £  81,9513  📈 -0,00
USD $  65,2167  📈 -0,00
EUR €  71,1253  📈 -0,00
CHF ₣  66,1763  📈 -0,00

2016-11-14 20:00:48 INFO  Main:36 - 
2016-11-14 20:00:48 INFO  Main:87 - Ближайший банкомат ATM189 находится по адресу Елецкая районная больница, Липецкая обл., Елецкий р-н, пос. Газопровод, ул. Зеленая, 23 А
2016-11-14 20:03:47 INFO  Main:23 - 
Курс валют ЛКБ 14.11.2016 г.  
       
Покупка Продажа
   £ 79.00 85.00
   $ 63.60 67.20
   € 69.50 73.10
2016-11-14 20:03:48 INFO  Main:24 - Курсы ЦБ РФ.

Действуют с 12.11.2016

GBP £  81,9513  📈 -0,00
USD $  65,2167  📈 -0,00
EUR €  71,1253  📈 -0,00
CHF ₣  66,1763  📈 -0,00

2016-11-14 20:03:48 INFO  Main:36 - 🏧 Банкоматы
2016-11-14 20:03:48 INFO  Main:138 - Пришлите свое местоположение на карте.
2016-11-14 20:03:52 INFO  Main:36 - 
2016-11-14 20:03:52 INFO  Main:87 - Ближайший банкомат ATM189 находится по адресу Елецкая районная больница, Липецкая обл., Елецкий р-н, пос. Газопровод, ул. Зеленая, 23 А
2016-11-14 20:04:53 INFO  Main:23 - 
Курс валют ЛКБ 14.11.2016 г.  
       
Покупка Продажа
   £ 79.00 85.00
   $ 63.60 67.20
   € 69.50 73.10
2016-11-14 20:04:54 INFO  Main:24 - Курсы ЦБ РФ.

Действуют с 12.11.2016

GBP £  81,9513  📈 -0,00
USD $  65,2167  📈 -0,00
EUR €  71,1253  📈 -0,00
CHF ₣  66,1763  📈 -0,00

2016-11-14 20:04:56 INFO  Main:36 - 🏧 Банкоматы
2016-11-14 20:04:56 INFO  Main:138 - Пришлите свое местоположение на карте.
2016-11-14 20:05:00 INFO  Main:36 - 
2016-11-14 20:05:00 INFO  Main:87 - Ближайший банкомат ATM189 находится по адресу Елецкая районная больница, Липецкая обл., Елецкий р-н, пос. Газопровод, ул. Зеленая, 23 А
2016-11-14 20:07:46 INFO  Main:23 - 
Курс валют ЛКБ 14.11.2016 г.  
       
Покупка Продажа
   £ 79.00 85.00
   $ 63.60 67.20
   € 69.50 73.10
2016-11-14 20:07:46 INFO  Main:24 - Курсы ЦБ РФ.

Действуют с 12.11.2016

GBP £  81,9513  📈 -0,00
USD $  65,2167  📈 -0,00
EUR €  71,1253  📈 -0,00
CHF ₣  66,1763  📈 -0,00

2016-11-14 20:08:03 INFO  Main:23 - 
Курс валют ЛКБ 14.11.2016 г.  
       
Покупка Продажа
   £ 79.00 85.00
   $ 63.60 67.20
   € 69.50 73.10
2016-11-14 20:08:03 INFO  Main:24 - Курсы ЦБ РФ.

Действуют с 12.11.2016

GBP £  81,9513  📈 -0,00
USD $  65,2167  📈 -0,00
EUR €  71,1253  📈 -0,00
CHF ₣  66,1763  📈 -0,00

2016-11-14 20:08:04 INFO  Main:36 - 🏧 Банкоматы
2016-11-14 20:08:04 INFO  Main:138 - Пришлите свое местоположение на карте.
2016-11-14 20:08:07 INFO  Main:36 - 
2016-11-14 20:08:20 INFO  Main:23 - 
Курс валют ЛКБ 14.11.2016 г.  
       
Покупка Продажа
   £ 79.00 85.00
   $ 63.60 67.20
   € 69.50 73.10
2016-11-14 20:08:21 INFO  Main:24 - Курсы ЦБ РФ.

Действуют с 12.11.2016

GBP £  81,9513  📈 -0,00
USD $  65,2167  📈 -0,00
EUR €  71,1253  📈 -0,00
CHF ₣  66,1763  📈 -0,00

2016-11-14 20:08:25 INFO  Main:36 - 
2016-11-14 20:09:07 INFO  Main:23 - 
Курс валют ЛКБ 14.11.2016 г.  
       
Покупка Продажа
   £ 79.00 85.00
   $ 63.60 67.20
   € 69.50 73.10
2016-11-14 20:09:07 INFO  Main:24 - Курсы ЦБ РФ.

Действуют с 12.11.2016

GBP £  81,9513  📈 -0,00
USD $  65,2167  📈 -0,00
EUR €  71,1253  📈 -0,00
CHF ₣  66,1763  📈 -0,00

2016-11-14 20:09:11 INFO  Main:36 - 
2016-11-14 20:09:43 INFO  Main:23 - 
Курс валют ЛКБ 14.11.2016 г.  
       
Покупка Продажа
   £ 79.00 85.00
   $ 63.60 67.20
   € 69.50 73.10
2016-11-14 20:09:43 INFO  Main:24 - Курсы ЦБ РФ.

Действуют с 12.11.2016

GBP £  81,9513  📈 -0,00
USD $  65,2167  📈 -0,00
EUR €  71,1253  📈 -0,00
CHF ₣  66,1763  📈 -0,00

2016-11-14 20:09:46 INFO  Main:36 - 
2016-11-14 20:09:46 INFO  Main:87 - Ближайший банкомат ATM189 находится по адресу Елецкая районная больница, Липецкая обл., Елецкий р-н, пос. Газопровод, ул. Зеленая, 23 А
2016-11-14 20:14:19 INFO  Main:23 - 
Курс валют ЛКБ 14.11.2016 г.  
       
Покупка Продажа
   £ 79.00 85.00
   $ 63.60 67.20
   € 69.50 73.10
2016-11-14 20:14:19 INFO  Main:24 - Курсы ЦБ РФ.

Действуют с 12.11.2016

GBP £  81,9513  📈 -0,00
USD $  65,2167  📈 -0,00
EUR €  71,1253  📈 -0,00
CHF ₣  66,1763  📈 -0,00

2016-11-14 20:14:21 INFO  Main:36 - 🏧 Банкоматы
2016-11-14 20:14:21 INFO  Main:138 - Пришлите свое местоположение на карте.
2016-11-14 20:14:29 INFO  Main:36 - 
2016-11-14 20:25:00 INFO  Main:23 - 
Курс валют ЛКБ 14.11.2016 г.  
       
Покупка Продажа
   £ 79.00 85.00
   $ 63.60 67.20
   € 69.50 73.10
2016-11-14 20:25:00 INFO  Main:24 - Курсы ЦБ РФ.

Действуют с 12.11.2016

GBP £  81,9513  📈 -0,00
USD $  65,2167  📈 -0,00
EUR €  71,1253  📈 -0,00
CHF ₣  66,1763  📈 -0,00

2016-11-14 20:25:05 INFO  Main:36 - 
2016-11-14 20:25:05 INFO  Main:87 - Ближайший банкомат ATM189 находится по адресу Елецкая районная больница, Липецкая обл., Елецкий р-н, пос. Газопровод, ул. Зеленая, 23 А
2016-11-14 20:26:14 INFO  Main:23 - 
Курс валют ЛКБ 14.11.2016 г.  
       
Покупка Продажа
   £ 79.00 85.00
   $ 63.60 67.20
   € 69.50 73.10
2016-11-14 20:26:14 INFO  Main:24 - Курсы ЦБ РФ.

Действуют с 12.11.2016

GBP £  81,9513  📈 -0,00
USD $  65,2167  📈 -0,00
EUR €  71,1253  📈 -0,00
CHF ₣  66,1763  📈 -0,00

2016-11-14 20:26:15 INFO  Main:36 - 🏧 Банкоматы
2016-11-14 20:26:15 INFO  Main:138 - Пришлите свое местоположение на карте.
2016-11-14 20:26:20 INFO  Main:36 - 
2016-11-14 20:26:20 INFO  Main:87 - Ближайший банкомат ATM189 находится по адресу Елецкая районная больница, Липецкая обл., Елецкий р-н, пос. Газопровод, ул. Зеленая, 23 А
2016-11-14 20:29:15 INFO  Main:23 - 
Курс валют ЛКБ 14.11.2016 г.  
       
Покупка Продажа
   £ 79.00 85.00
   $ 63.60 67.20
   € 69.50 73.10
2016-11-14 20:29:15 INFO  Main:24 - Курсы ЦБ РФ.

Действуют с 12.11.2016

GBP £  81,9513  📈 -0,00
USD $  65,2167  📈 -0,00
EUR €  71,1253  📈 -0,00
CHF ₣  66,1763  📈 -0,00

2016-11-14 20:31:09 INFO  Main:36 - 🏧 Банкоматы
2016-11-14 20:31:09 INFO  Main:138 - Пришлите свое местоположение на карте.
2016-11-14 20:31:09 INFO  Main:36 - 🏧 Банкоматы
2016-11-14 20:31:09 INFO  Main:138 - Пришлите свое местоположение на карте.
2016-11-14 20:31:10 INFO  Main:36 - 🏧 Банкоматы
2016-11-14 20:31:10 INFO  Main:138 - Пришлите свое местоположение на карте.
2016-11-14 20:31:13 INFO  Main:36 - 
2016-11-14 20:31:13 INFO  Main:87 - Ближайший банкомат ATM189 находится по адресу Елецкая районная больница, Липецкая обл., Елецкий р-н, пос. Газопровод, ул. Зеленая, 23 А
2016-11-14 20:34:38 INFO  Main:23 - 
Курс валют ЛКБ 14.11.2016 г.  
       
Покупка Продажа
   £ 79.00 85.00
   $ 63.60 67.20
   € 69.50 73.10
2016-11-14 20:34:38 INFO  Main:24 - Курсы ЦБ РФ.

Действуют с 12.11.2016

GBP £  81,9513  📈 -0,00
USD $  65,2167  📈 -0,00
EUR €  71,1253  📈 -0,00
CHF ₣  66,1763  📈 -0,00

2016-11-14 20:34:54 INFO  Main:36 - 🏧 Банкоматы
2016-11-14 20:34:54 INFO  Main:138 - Пришлите свое местоположение на карте.
2016-11-14 20:34:59 INFO  Main:36 - 
2016-11-14 20:35:29 INFO  Main:23 - 
Курс валют ЛКБ 14.11.2016 г.  
       
Покупка Продажа
   £ 79.00 85.00
   $ 63.60 67.20
   € 69.50 73.10
2016-11-14 20:35:29 INFO  Main:24 - Курсы ЦБ РФ.

Действуют с 12.11.2016

GBP £  81,9513  📈 -0,00
USD $  65,2167  📈 -0,00
EUR €  71,1253  📈 -0,00
CHF ₣  66,1763  📈 -0,00

2016-11-14 20:35:32 INFO  Main:36 - 
2016-11-14 20:43:27 INFO  Main:23 - 
Курс валют ЛКБ 14.11.2016 г.  
       
Покупка Продажа
   £ 79.00 85.00
   $ 63.60 67.20
   € 69.50 73.10
2016-11-14 20:43:28 INFO  Main:24 - Курсы ЦБ РФ.

Действуют с 12.11.2016

GBP £  81,9513  📈 -0,00
USD $  65,2167  📈 -0,00
EUR €  71,1253  📈 -0,00
CHF ₣  66,1763  📈 -0,00

2016-11-14 20:43:31 INFO  Main:36 - 
2016-11-14 20:45:14 INFO  Main:23 - 
Курс валют ЛКБ 14.11.2016 г.  
       
Покупка Продажа
   £ 79.00 85.00
   $ 63.60 67.20
   € 69.50 73.10
2016-11-14 20:45:14 INFO  Main:24 - Курсы ЦБ РФ.

Действуют с 12.11.2016

GBP £  81,9513  📈 -0,00
USD $  65,2167  📈 -0,00
EUR €  71,1253  📈 -0,00
CHF ₣  66,1763  📈 -0,00

2016-11-14 20:45:24 INFO  Main:36 - 
2016-11-14 20:45:39 INFO  Main:23 - 
Курс валют ЛКБ 14.11.2016 г.  
       
Покупка Продажа
   £ 79.00 85.00
   $ 63.60 67.20
   € 69.50 73.10
2016-11-14 20:45:39 INFO  Main:24 - Курсы ЦБ РФ.

Действуют с 12.11.2016

GBP £  81,9513  📈 -0,00
USD $  65,2167  📈 -0,00
EUR €  71,1253  📈 -0,00
CHF ₣  66,1763  📈 -0,00

2016-11-14 20:45:40 INFO  Main:36 - 
2016-11-14 20:46:47 INFO  Main:23 - 
Курс валют ЛКБ 14.11.2016 г.  
       
Покупка Продажа
   £ 79.00 85.00
   $ 63.60 67.20
   € 69.50 73.10
2016-11-14 20:46:47 INFO  Main:24 - Курсы ЦБ РФ.

Действуют с 12.11.2016

GBP £  81,9513  📈 -0,00
USD $  65,2167  📈 -0,00
EUR €  71,1253  📈 -0,00
CHF ₣  66,1763  📈 -0,00

2016-11-14 20:46:53 INFO  Main:36 - 
2016-11-14 20:48:04 INFO  Main:23 - 
Курс валют ЛКБ 14.11.2016 г.  
       
Покупка Продажа
   £ 79.00 85.00
   $ 63.60 67.20
   € 69.50 73.10
2016-11-14 20:48:05 INFO  Main:24 - Курсы ЦБ РФ.

Действуют с 12.11.2016

GBP £  81,9513  📈 -0,00
USD $  65,2167  📈 -0,00
EUR €  71,1253  📈 -0,00
CHF ₣  66,1763  📈 -0,00

2016-11-14 20:48:08 INFO  Main:36 - 
2016-11-14 20:48:08 INFO  Main:87 - Ближайший банкомат ATM189 находится по адресу Елецкая районная больница, Липецкая обл., Елецкий р-н, пос. Газопровод, ул. Зеленая, 23 А
2016-11-14 20:48:42 INFO  Main:23 - 
Курс валют ЛКБ 14.11.2016 г.  
       
Покупка Продажа
   £ 79.00 85.00
   $ 63.60 67.20
   € 69.50 73.10
2016-11-14 20:48:42 INFO  Main:24 - Курсы ЦБ РФ.

Действуют с 12.11.2016

GBP £  81,9513  📈 -0,00
USD $  65,2167  📈 -0,00
EUR €  71,1253  📈 -0,00
CHF ₣  66,1763  📈 -0,00

2016-11-14 20:48:47 INFO  Main:36 - 🏧 Банкоматы
2016-11-14 20:48:47 INFO  Main:138 - Пришлите свое местоположение на карте.
2016-11-14 20:48:51 INFO  Main:36 - 
2016-11-14 20:48:51 INFO  Main:87 - Ближайший банкомат 52.588566 находится по адресу Елецкая районная больница, Липецкая обл., Елецкий р-н, пос. Газопровод, ул. Зеленая, 23 А
2016-11-14 20:49:55 INFO  Main:23 - 
Курс валют ЛКБ 14.11.2016 г.  
       
Покупка Продажа
   £ 79.00 85.00
   $ 63.60 67.20
   € 69.50 73.10
2016-11-14 20:49:55 INFO  Main:24 - Курсы ЦБ РФ.

Действуют с 12.11.2016

GBP £  81,9513  📈 -0,00
USD $  65,2167  📈 -0,00
EUR €  71,1253  📈 -0,00
CHF ₣  66,1763  📈 -0,00

2016-11-14 20:49:56 INFO  Main:36 - 🏧 Банкоматы
2016-11-14 20:49:56 INFO  Main:138 - Пришлите свое местоположение на карте.
2016-11-14 20:50:00 INFO  Main:36 - 🏧 Банкоматы
2016-11-14 20:50:00 INFO  Main:138 - Пришлите свое местоположение на карте.
2016-11-14 20:50:03 INFO  Main:36 - 
2016-11-14 20:50:03 INFO  Main:87 - Ближайший банкомат ATM135 находится по адресу Школа-интернат III-IV вида, Липецк, ул.Механизаторов, 9
2016-11-14 20:56:38 INFO  Main:23 - 
Курс валют ЛКБ 14.11.2016 г.  
       
Покупка Продажа
   £ 79.00 85.00
   $ 63.60 67.20
   € 69.50 73.10
2016-11-14 20:56:38 INFO  Main:24 - Курсы ЦБ РФ.

Действуют с 12.11.2016

GBP £  81,9513  📈 -0,00
USD $  65,2167  📈 -0,00
EUR €  71,1253  📈 -0,00
CHF ₣  66,1763  📈 -0,00

2016-11-14 20:56:41 INFO  Main:37 - 🏧 Банкоматы
2016-11-14 20:56:41 INFO  Main:166 - Пришлите свое местоположение на карте.
2016-11-14 20:56:46 INFO  Main:37 - 
2016-11-14 20:56:46 INFO  Main:115 - Ближайший банкомат ATM035 находится по адресу м-н "Пролетарский", Липецк, ул. Депутатская, 92
2016-11-14 20:56:47 INFO  Main:115 - Ближайший банкомат ATM128 находится по адресу магазин "Покупайка", Липецк, пр. Победы, 18
2016-11-14 20:56:47 INFO  Main:115 - Ближайший банкомат ATM135 находится по адресу Школа-интернат III-IV вида, Липецк, ул.Механизаторов, 9
2016-11-14 21:02:05 INFO  Main:23 - 
Курс валют ЛКБ 14.11.2016 г.  
       
Покупка Продажа
   £ 79.00 85.00
   $ 63.60 67.20
   € 69.50 73.10
2016-11-14 21:02:06 INFO  Main:24 - Курсы ЦБ РФ.

Действуют с 12.11.2016

GBP £  81,9513  📈 -0,00
USD $  65,2167  📈 -0,00
EUR €  71,1253  📈 -0,00
CHF ₣  66,1763  📈 -0,00

2016-11-14 21:02:08 INFO  Main:37 - 🏧 Банкоматы
2016-11-14 21:02:08 INFO  Main:168 - Пришлите свое местоположение на карте.
2016-11-14 21:02:12 INFO  Main:37 - 
2016-11-14 21:02:13 INFO  Main:117 - Три ближайших банкомата по увеличению дальности (1 самый близкий)
2016-11-14 21:02:13 INFO  Main:117 - Банкомат №0 расстояние 297м ATM035 находится по адресу м-н "Пролетарский", Липецк, ул. Депутатская, 92
2016-11-14 21:02:13 INFO  Main:117 - Банкомат №1 расстояние 550м ATM128 находится по адресу магазин "Покупайка", Липецк, пр. Победы, 18
2016-11-14 21:02:13 INFO  Main:117 - Банкомат №2 расстояние 685м ATM135 находится по адресу Школа-интернат III-IV вида, Липецк, ул.Механизаторов, 9
2016-11-14 21:02:42 INFO  Main:23 - 
Курс валют ЛКБ 14.11.2016 г.  
       
Покупка Продажа
   £ 79.00 85.00
   $ 63.60 67.20
   € 69.50 73.10
2016-11-14 21:02:42 INFO  Main:24 - Курсы ЦБ РФ.

Действуют с 12.11.2016

GBP £  81,9513  📈 -0,00
USD $  65,2167  📈 -0,00
EUR €  71,1253  📈 -0,00
CHF ₣  66,1763  📈 -0,00

2016-11-14 21:02:45 INFO  Main:37 - 🏧 Банкоматы
2016-11-14 21:02:45 INFO  Main:168 - Пришлите свое местоположение на карте.
2016-11-14 21:02:49 INFO  Main:37 - 
2016-11-14 21:02:49 INFO  Main:117 - Три ближайших банкомата по увеличению дальности (1 самый близкий)
2016-11-14 21:02:49 INFO  Main:117 - Банкомат №1 расстояние 269м ATM035 находится по адресу м-н "Пролетарский", Липецк, ул. Депутатская, 92
2016-11-14 21:02:49 INFO  Main:117 - Банкомат №2 расстояние 553м ATM128 находится по адресу магазин "Покупайка", Липецк, пр. Победы, 18
2016-11-14 21:02:49 INFO  Main:117 - Банкомат №3 расстояние 655м ATM135 находится по адресу Школа-интернат III-IV вида, Липецк, ул.Механизаторов, 9
2016-11-14 21:04:25 INFO  Main:23 - 
Курс валют ЛКБ 14.11.2016 г.  
       
Покупка Продажа
   £ 79.00 85.00
   $ 63.60 67.20
   € 69.50 73.10
2016-11-14 21:04:25 INFO  Main:24 - Курсы ЦБ РФ.

Действуют с 12.11.2016

GBP £  81,9513  📈 -0,00
USD $  65,2167  📈 -0,00
EUR €  71,1253  📈 -0,00
CHF ₣  66,1763  📈 -0,00

2016-11-14 21:04:33 INFO  Main:37 - 🏧 Банкоматы
2016-11-14 21:04:33 INFO  Main:168 - Пришлите свое местоположение на карте.
2016-11-14 21:04:45 INFO  Main:37 - 
2016-11-14 21:04:45 INFO  Main:117 - <pre>Три ближайших банкомата по увеличению дальности (1 самый близкий)</pre>
2016-11-14 21:04:45 INFO  Main:117 - <pre>Банкомат №1 расстояние 288м ATM035 находится по адресу м-н "Пролетарский", Липецк, ул. Депутатская, 92</pre>
2016-11-14 21:04:45 INFO  Main:117 - <pre>Банкомат №2 расстояние 545м ATM128 находится по адресу магазин "Покупайка", Липецк, пр. Победы, 18</pre>
2016-11-14 21:04:46 INFO  Main:117 - <pre>Банкомат №3 расстояние 681м ATM135 находится по адресу Школа-интернат III-IV вида, Липецк, ул.Механизаторов, 9</pre>
2016-11-14 21:11:18 INFO  Main:23 - 
Курс валют ЛКБ 14.11.2016 г.  
       
Покупка Продажа
   £ 79.00 85.00
   $ 63.60 67.20
   € 69.50 73.10
2016-11-14 21:11:18 INFO  Main:24 - Курсы ЦБ РФ.

Действуют с 12.11.2016

GBP £  81,9513  📈 -0,00
USD $  65,2167  📈 -0,00
EUR €  71,1253  📈 -0,00
CHF ₣  66,1763  📈 -0,00

2016-11-14 21:11:25 INFO  Main:43 - 🏧 Банкоматы
2016-11-14 21:11:25 INFO  Main:163 - Пришлите свое местоположение на карте.
2016-11-14 21:11:30 INFO  Main:43 - 
2016-11-14 21:11:30 INFO  Main:112 - Три ближайших банкомата по увеличению дальности (1 самый близкий)
2016-11-14 21:11:30 INFO  Main:112 - Банкомат №1 расстояние 285м ATM035 находится по адресу м-н "Пролетарский", Липецк, ул. Депутатская, 92
2016-11-14 21:11:30 INFO  Main:112 - Банкомат №2 расстояние 559м ATM128 находится по адресу магазин "Покупайка", Липецк, пр. Победы, 18
2016-11-14 21:11:30 INFO  Main:112 - Банкомат №3 расстояние 666м ATM135 находится по адресу Школа-интернат III-IV вида, Липецк, ул.Механизаторов, 9
2016-11-14 21:14:18 INFO  Main:23 - 
Курс валют ЛКБ 14.11.2016 г.  
       
Покупка Продажа
   £ 79.00 85.00
   $ 63.60 67.20
   € 69.50 73.10
2016-11-14 21:14:19 INFO  Main:24 - Курсы ЦБ РФ.

Действуют с 12.11.2016

GBP £  81,9513  📈 -0,00
USD $  65,2167  📈 -0,00
EUR €  71,1253  📈 -0,00
CHF ₣  66,1763  📈 -0,00

2016-11-14 21:14:27 INFO  Main:43 - /start
2016-11-14 21:14:27 INFO  Main:114 - Добро пожаловать в бот Липецккомбанка, не является коммерчиским продуктом, разработан частным разработчиком для удобства клиентов банка
2016-11-14 21:18:17 INFO  Main:23 - 
Курс валют ЛКБ 14.11.2016 г.  
       
Покупка Продажа
   £ 79.00 85.00
   $ 63.60 67.20
   € 69.50 73.10
2016-11-14 21:18:17 INFO  Main:24 - Курсы ЦБ РФ.

Действуют с 12.11.2016

GBP £  81,9513  📈 -0,00
USD $  65,2167  📈 -0,00
EUR €  71,1253  📈 -0,00
CHF ₣  66,1763  📈 -0,00

2016-11-14 21:18:28 INFO  Main:43 - /start
2016-11-14 21:18:28 INFO  Main:114 - Добро пожаловать в Бот Липецккомбанка. Этот Бот разработан во благо всего рода человеческого 
 \Инфо :)
2016-11-14 21:18:41 INFO  Main:23 - 
Курс валют ЛКБ 14.11.2016 г.  
       
Покупка Продажа
   £ 79.00 85.00
   $ 63.60 67.20
   € 69.50 73.10
2016-11-14 21:18:41 INFO  Main:24 - Курсы ЦБ РФ.

Действуют с 12.11.2016

GBP £  81,9513  📈 -0,00
USD $  65,2167  📈 -0,00
EUR €  71,1253  📈 -0,00
CHF ₣  66,1763  📈 -0,00

2016-11-14 21:18:45 INFO  Main:43 - /start
2016-11-14 21:18:45 INFO  Main:114 - Добро пожаловать в Бот Липецккомбанка. Этот Бот разработан во благо всего рода человеческого 
 /Инфо :)
2016-11-14 21:18:54 INFO  Main:23 - 
Курс валют ЛКБ 14.11.2016 г.  
       
Покупка Продажа
   £ 79.00 85.00
   $ 63.60 67.20
   € 69.50 73.10
2016-11-14 21:18:54 INFO  Main:24 - Курсы ЦБ РФ.

Действуют с 12.11.2016

GBP £  81,9513  📈 -0,00
USD $  65,2167  📈 -0,00
EUR €  71,1253  📈 -0,00
CHF ₣  66,1763  📈 -0,00

2016-11-14 21:18:56 INFO  Main:43 - /start
2016-11-14 21:18:56 INFO  Main:114 - Добро пожаловать в Бот Липецккомбанка. Этот Бот разработан во благо всего рода человеческого 
 //Инфо :)
2016-11-14 21:21:27 INFO  Main:23 - 
Курс валют ЛКБ 14.11.2016 г.  
       
Покупка Продажа
   £ 79.00 85.00
   $ 63.60 67.20
   € 69.50 73.10
2016-11-14 21:21:27 INFO  Main:24 - Курсы ЦБ РФ.

Действуют с 12.11.2016

GBP £  81,9513  📈 -0,00
USD $  65,2167  📈 -0,00
EUR €  71,1253  📈 -0,00
CHF ₣  66,1763  📈 -0,00

2016-11-14 21:21:31 INFO  Main:43 - /start
2016-11-14 21:21:31 INFO  Main:114 - Добро пожаловать в Бот Липецккомбанка. Этот Бот разработан во благо всего рода человеческого 
 /инфо@Good_bank_bot :)
2016-11-14 21:41:43 INFO  Main:47 - /command
2016-11-14 21:41:43 INFO  Main:123 - Хорошего вам настроения!!!
2016-11-14 21:41:43 INFO  Main:23 - 
Курс валют ЛКБ 14.11.2016 г.  
       
Покупка Продажа
   £ 79.00 85.00
   $ 63.60 67.20
   € 69.50 73.10
2016-11-14 21:41:44 INFO  Main:24 - Курсы ЦБ РФ.

Действуют с 12.11.2016

GBP £  81,9513  📈 -0,00
USD $  65,2167  📈 -0,00
EUR €  71,1253  📈 -0,00
CHF ₣  66,1763  📈 -0,00

2016-11-14 21:41:48 INFO  Main:47 - 💼 Инфо
2016-11-14 21:41:48 INFO  Main:123 - Вы держитесь там!!!
2016-11-14 21:41:59 INFO  Main:47 - /start
2016-11-14 21:41:59 INFO  Main:123 - Добро пожаловать в Бот Липецккомбанка. Этот Бот разработан во благо всего рода человеческого :) <b>/info</b>
инфо
2016-11-15 07:56:23 INFO  Main:23 - 
Курс валют ЛКБ 14.11.2016 г.  
       
Покупка Продажа
   £ 79.00 85.00
   $ 63.60 67.20
   € 69.50 73.10
2016-11-15 07:56:23 INFO  Main:24 - Курсы ЦБ РФ.

Действуют с 15.11.2016

GBP £  82,3239  📈 0,37
USD $  65,8591  📈 0,64
EUR €  71,0488  📈 0,08
CHF ₣  66,1967  📈 0,02

2016-11-15 20:15:09 INFO  Main:47 - 💳 Курсы ЦБ
2016-11-15 20:15:10 INFO  Main:118 - <pre>Курсы ЦБ РФ.

Действуют с 15.11.2016

GBP £  82,3239  📈 0,37
USD $  65,8591  📈 0,64
EUR €  71,0488  📈 0,08
CHF ₣  66,1967  📈 0,02
</pre>
2016-11-15 20:15:10 INFO  Main:23 - 
Курс валют ЛКБ 15.11.2016 г.  
       
Покупка Продажа
   £ 79.00 85.00
   $ 64.00 67.90
   € 69.50 73.10
2016-11-15 20:15:10 INFO  Main:24 - Курсы ЦБ РФ.

Действуют с 15.11.2016

GBP £  82,3239  📈 0,37
USD $  65,8591  📈 0,64
EUR €  71,0488  📈 0,08
CHF ₣  66,1967  📈 0,02

2016-11-15 20:15:10 INFO  Main:47 - 💳 Курсы ЦБ
2016-11-15 20:15:10 INFO  Main:118 - <pre>Курсы ЦБ РФ.

Действуют с 15.11.2016

GBP £  82,3239  📈 0,37
USD $  65,8591  📈 0,64
EUR €  71,0488  📈 0,08
CHF ₣  66,1967  📈 0,02
</pre>
2016-11-15 20:15:10 INFO  Main:47 - 💳 Курсы ЦБ
2016-11-15 20:15:10 INFO  Main:118 - <pre>Курсы ЦБ РФ.

Действуют с 15.11.2016

GBP £  82,3239  📈 0,37
USD $  65,8591  📈 0,64
EUR €  71,0488  📈 0,08
CHF ₣  66,1967  📈 0,02
</pre>
2016-11-15 20:15:27 INFO  Main:47 - 🏧 Банкоматы
2016-11-15 20:15:27 INFO  Main:169 - Пришлите свое местоположение на карте.
2016-11-15 20:15:30 INFO  Main:47 - 
2016-11-15 20:15:30 INFO  Main:118 - Три ближайших банкомата по увеличению дальности (1 самый близкий)
2016-11-15 20:22:18 INFO  Main:23 - 
Курс валют ЛКБ 15.11.2016 г.  
       
Покупка Продажа
   £ 79.00 85.00
   $ 64.00 67.90
   € 69.50 73.10
2016-11-15 20:22:18 INFO  Main:24 - Курсы ЦБ РФ.

Действуют с 15.11.2016

GBP £  82,3239  📈 0,37
USD $  65,8591  📈 0,64
EUR €  71,0488  📈 0,08
CHF ₣  66,1967  📈 0,02

2016-11-15 20:22:19 INFO  Main:43 - 🏧 Банкоматы
2016-11-15 20:22:19 INFO  Main:168 - Пришлите свое местоположение на карте.
2016-11-15 20:22:23 INFO  Main:43 - 
2016-11-15 20:22:23 INFO  Main:117 - Три ближайших банкомата по увеличению дальности (1 самый близкий)
2016-11-15 20:22:23 INFO  Main:117 - Банкомат №1 расстояние 275м ATM035 находится по адресу м-н "Пролетарский", Липецк, ул. Депутатская, 92
2016-11-15 20:22:23 INFO  Main:117 - Банкомат №2 расстояние 579м ATM128 находится по адресу магазин "Покупайка", Липецк, пр. Победы, 18
2016-11-15 20:22:24 INFO  Main:117 - Банкомат №3 расстояние 637м ATM135 находится по адресу Школа-интернат III-IV вида, Липецк, ул.Механизаторов, 9
2016-11-15 23:24:16 INFO  Main:23 - 
Курс валют ЛКБ 15.11.2016 г.  
       
Покупка Продажа
   £ 79.00 85.00
   $ 64.00 67.90
   € 69.50 73.10
2016-11-15 23:24:16 INFO  Main:24 - Курсы ЦБ РФ.

Действуют с 15.11.2016

GBP £  82,3239  📈 0,37
USD $  65,8591  📈 0,64
EUR €  71,0488  📈 0,08
CHF ₣  66,1967  📈 0,02

2016-11-15 23:24:32 INFO  Main:47 - /start
2016-11-15 23:24:32 INFO  Main:131 - Добро пожаловать в Бот Липецккомбанка. Этот Бот разработан во благо всего рода человеческого :) 
2016-11-15 23:24:54 INFO  Main:47 - /info
2016-11-15 23:24:54 INFO  Main:131 - Хорошего вам настроения!!!
2016-11-15 23:25:11 INFO  Main:47 - /help
2016-11-15 23:25:11 INFO  Main:131 - Хорошего вам настроения!!!
2016-11-15 23:25:29 INFO  Main:47 - /fort
2016-11-15 23:25:29 INFO  Main:131 - Хорошего вам настроения!!!
2016-11-15 23:25:48 INFO  Main:23 - 
Курс валют ЛКБ 15.11.2016 г.  
       
Покупка Продажа
   £ 79.00 85.00
   $ 64.00 67.90
   € 69.50 73.10
2016-11-15 23:25:48 INFO  Main:24 - Курсы ЦБ РФ.

Действуют с 15.11.2016

GBP £  82,3239  📈 0,37
USD $  65,8591  📈 0,64
EUR €  71,0488  📈 0,08
CHF ₣  66,1967  📈 0,02

2016-11-15 23:25:50 INFO  Main:47 - /start
2016-11-15 23:25:50 INFO  Main:122 - Добро пожаловать в Бот Липецккомбанка. Этот Бот разработан во благо всего рода человеческого :) 
2016-11-15 23:26:00 INFO  Main:47 - /info
2016-11-15 23:26:00 INFO  Main:122 - Хорошего вам настроения!!!
2016-11-17 18:17:07 INFO  Main:23 - 
Курс валют ЛКБ 17.11.2016 г.  
       
Покупка Продажа
   £ 78.00 83.00
   $ 62.50 66.50
   € 67.50 71.20
2016-11-17 18:17:07 INFO  Main:24 - Курсы ЦБ РФ.

Действуют с 17.11.2016

GBP £  80,4892  📈 1,40
USD $  64,5463  📈 1,01
EUR €  69,2388  📈 1,38
CHF ₣  64,3918  📈 1,53

